2019-07-27 22:56:36,948 INFO o.s.b.StartupInfoLogger [restartedMain] Starting Application on greg-hp with PID 10124 (/home/greghp/Pulpit/SplitEatApplication/target/classes started by greghp in /home/greghp/Pulpit/SplitEatApplication)
2019-07-27 22:56:36,957 INFO o.s.b.SpringApplication [restartedMain] No active profile set, falling back to default profiles: default
2019-07-27 22:56:37,037 INFO o.s.b.l.DeferredLog [restartedMain] Devtools property defaults active! Set 'spring.devtools.add-properties' to 'false' to disable
2019-07-27 22:56:37,038 INFO o.s.b.l.DeferredLog [restartedMain] For additional web related logging consider setting the 'logging.level.web' property to 'DEBUG'
2019-07-27 22:56:37,859 INFO o.s.d.r.c.RepositoryConfigurationDelegate [restartedMain] Bootstrapping Spring Data repositories in DEFAULT mode.
2019-07-27 22:56:37,971 INFO o.s.d.r.c.RepositoryConfigurationDelegate [restartedMain] Finished Spring Data repository scanning in 100ms. Found 7 repository interfaces.
2019-07-27 22:56:38,853 INFO o.s.c.s.PostProcessorRegistrationDelegate$BeanPostProcessorChecker [restartedMain] Bean 'org.springframework.transaction.annotation.ProxyTransactionManagementConfiguration' of type [org.springframework.transaction.annotation.ProxyTransactionManagementConfiguration$$EnhancerBySpringCGLIB$$c60f1aee] is not eligible for getting processed by all BeanPostProcessors (for example: not eligible for auto-proxying)
2019-07-27 22:56:39,016 INFO o.s.c.s.PostProcessorRegistrationDelegate$BeanPostProcessorChecker [restartedMain] Bean 'org.springframework.hateoas.config.HateoasConfiguration' of type [org.springframework.hateoas.config.HateoasConfiguration$$EnhancerBySpringCGLIB$$458f6820] is not eligible for getting processed by all BeanPostProcessors (for example: not eligible for auto-proxying)
2019-07-27 22:56:39,692 INFO o.s.b.w.e.t.TomcatWebServer [restartedMain] Tomcat initialized with port(s): 8080 (http)
2019-07-27 22:56:39,716 INFO o.a.j.l.DirectJDKLog [restartedMain] Initializing ProtocolHandler ["http-nio-8080"]
2019-07-27 22:56:39,732 INFO o.a.j.l.DirectJDKLog [restartedMain] Starting service [Tomcat]
2019-07-27 22:56:39,733 INFO o.a.j.l.DirectJDKLog [restartedMain] Starting Servlet engine: [Apache Tomcat/9.0.21]
2019-07-27 22:56:40,122 INFO o.a.j.l.DirectJDKLog [restartedMain] At least one JAR was scanned for TLDs yet contained no TLDs. Enable debug logging for this logger for a complete list of JARs that were scanned but no TLDs were found in them. Skipping unneeded JARs during scanning can improve startup time and JSP compilation time.
2019-07-27 22:56:40,139 INFO o.a.j.l.DirectJDKLog [restartedMain] Initializing Spring embedded WebApplicationContext
2019-07-27 22:56:40,140 INFO o.s.b.w.s.c.ServletWebServerApplicationContext [restartedMain] Root WebApplicationContext: initialization completed in 3102 ms
2019-07-27 22:56:40,360 INFO c.z.h.HikariDataSource [restartedMain] HikariPool-1 - Starting...
2019-07-27 22:56:40,527 INFO c.z.h.HikariDataSource [restartedMain] HikariPool-1 - Start completed.
2019-07-27 22:56:40,577 INFO o.h.j.i.u.LogHelper [restartedMain] HHH000204: Processing PersistenceUnitInfo [
	name: default
	...]
2019-07-27 22:56:40,625 INFO o.h.Version [restartedMain] HHH000412: Hibernate Core {5.3.10.Final}
2019-07-27 22:56:40,627 INFO o.h.c.Environment [restartedMain] HHH000206: hibernate.properties not found
2019-07-27 22:56:40,737 INFO o.h.a.c.r.j.JavaReflectionManager [restartedMain] HCANN000001: Hibernate Commons Annotations {5.0.4.Final}
2019-07-27 22:56:40,756 DEBUG o.h.t.BasicTypeRegistry [restartedMain] Adding type registration boolean -> org.hibernate.type.BooleanType@3acb222d
2019-07-27 22:56:40,756 DEBUG o.h.t.BasicTypeRegistry [restartedMain] Adding type registration boolean -> org.hibernate.type.BooleanType@3acb222d
2019-07-27 22:56:40,757 DEBUG o.h.t.BasicTypeRegistry [restartedMain] Adding type registration java.lang.Boolean -> org.hibernate.type.BooleanType@3acb222d
2019-07-27 22:56:40,758 DEBUG o.h.t.BasicTypeRegistry [restartedMain] Adding type registration numeric_boolean -> org.hibernate.type.NumericBooleanType@5ead4c29
2019-07-27 22:56:40,758 DEBUG o.h.t.BasicTypeRegistry [restartedMain] Adding type registration true_false -> org.hibernate.type.TrueFalseType@1dd53147
2019-07-27 22:56:40,759 DEBUG o.h.t.BasicTypeRegistry [restartedMain] Adding type registration yes_no -> org.hibernate.type.YesNoType@28a826f4
2019-07-27 22:56:40,760 DEBUG o.h.t.BasicTypeRegistry [restartedMain] Adding type registration byte -> org.hibernate.type.ByteType@29482f34
2019-07-27 22:56:40,760 DEBUG o.h.t.BasicTypeRegistry [restartedMain] Adding type registration byte -> org.hibernate.type.ByteType@29482f34
2019-07-27 22:56:40,761 DEBUG o.h.t.BasicTypeRegistry [restartedMain] Adding type registration java.lang.Byte -> org.hibernate.type.ByteType@29482f34
2019-07-27 22:56:40,762 DEBUG o.h.t.BasicTypeRegistry [restartedMain] Adding type registration character -> org.hibernate.type.CharacterType@24327cfb
2019-07-27 22:56:40,762 DEBUG o.h.t.BasicTypeRegistry [restartedMain] Adding type registration char -> org.hibernate.type.CharacterType@24327cfb
2019-07-27 22:56:40,763 DEBUG o.h.t.BasicTypeRegistry [restartedMain] Adding type registration java.lang.Character -> org.hibernate.type.CharacterType@24327cfb
2019-07-27 22:56:40,764 DEBUG o.h.t.BasicTypeRegistry [restartedMain] Adding type registration short -> org.hibernate.type.ShortType@4018319a
2019-07-27 22:56:40,764 DEBUG o.h.t.BasicTypeRegistry [restartedMain] Adding type registration short -> org.hibernate.type.ShortType@4018319a
2019-07-27 22:56:40,764 DEBUG o.h.t.BasicTypeRegistry [restartedMain] Adding type registration java.lang.Short -> org.hibernate.type.ShortType@4018319a
2019-07-27 22:56:40,765 DEBUG o.h.t.BasicTypeRegistry [restartedMain] Adding type registration integer -> org.hibernate.type.IntegerType@25e29cc
2019-07-27 22:56:40,765 DEBUG o.h.t.BasicTypeRegistry [restartedMain] Adding type registration int -> org.hibernate.type.IntegerType@25e29cc
2019-07-27 22:56:40,766 DEBUG o.h.t.BasicTypeRegistry [restartedMain] Adding type registration java.lang.Integer -> org.hibernate.type.IntegerType@25e29cc
2019-07-27 22:56:40,767 DEBUG o.h.t.BasicTypeRegistry [restartedMain] Adding type registration long -> org.hibernate.type.LongType@15726292
2019-07-27 22:56:40,767 DEBUG o.h.t.BasicTypeRegistry [restartedMain] Adding type registration long -> org.hibernate.type.LongType@15726292
2019-07-27 22:56:40,767 DEBUG o.h.t.BasicTypeRegistry [restartedMain] Adding type registration java.lang.Long -> org.hibernate.type.LongType@15726292
2019-07-27 22:56:40,768 DEBUG o.h.t.BasicTypeRegistry [restartedMain] Adding type registration float -> org.hibernate.type.FloatType@52c27a84
2019-07-27 22:56:40,768 DEBUG o.h.t.BasicTypeRegistry [restartedMain] Adding type registration float -> org.hibernate.type.FloatType@52c27a84
2019-07-27 22:56:40,769 DEBUG o.h.t.BasicTypeRegistry [restartedMain] Adding type registration java.lang.Float -> org.hibernate.type.FloatType@52c27a84
2019-07-27 22:56:40,770 DEBUG o.h.t.BasicTypeRegistry [restartedMain] Adding type registration double -> org.hibernate.type.DoubleType@6ee0b2a3
2019-07-27 22:56:40,770 DEBUG o.h.t.BasicTypeRegistry [restartedMain] Adding type registration double -> org.hibernate.type.DoubleType@6ee0b2a3
2019-07-27 22:56:40,770 DEBUG o.h.t.BasicTypeRegistry [restartedMain] Adding type registration java.lang.Double -> org.hibernate.type.DoubleType@6ee0b2a3
2019-07-27 22:56:40,771 DEBUG o.h.t.BasicTypeRegistry [restartedMain] Adding type registration big_decimal -> org.hibernate.type.BigDecimalType@22bf346d
2019-07-27 22:56:40,771 DEBUG o.h.t.BasicTypeRegistry [restartedMain] Adding type registration java.math.BigDecimal -> org.hibernate.type.BigDecimalType@22bf346d
2019-07-27 22:56:40,772 DEBUG o.h.t.BasicTypeRegistry [restartedMain] Adding type registration big_integer -> org.hibernate.type.BigIntegerType@19e4c7e7
2019-07-27 22:56:40,772 DEBUG o.h.t.BasicTypeRegistry [restartedMain] Adding type registration java.math.BigInteger -> org.hibernate.type.BigIntegerType@19e4c7e7
2019-07-27 22:56:40,773 DEBUG o.h.t.BasicTypeRegistry [restartedMain] Adding type registration string -> org.hibernate.type.StringType@48797f7d
2019-07-27 22:56:40,773 DEBUG o.h.t.BasicTypeRegistry [restartedMain] Adding type registration java.lang.String -> org.hibernate.type.StringType@48797f7d
2019-07-27 22:56:40,774 DEBUG o.h.t.BasicTypeRegistry [restartedMain] Adding type registration nstring -> org.hibernate.type.StringNVarcharType@3cfe9246
2019-07-27 22:56:40,775 DEBUG o.h.t.BasicTypeRegistry [restartedMain] Adding type registration ncharacter -> org.hibernate.type.CharacterNCharType@17565a62
2019-07-27 22:56:40,775 DEBUG o.h.t.BasicTypeRegistry [restartedMain] Adding type registration url -> org.hibernate.type.UrlType@13aa28b5
2019-07-27 22:56:40,776 DEBUG o.h.t.BasicTypeRegistry [restartedMain] Adding type registration java.net.URL -> org.hibernate.type.UrlType@13aa28b5
2019-07-27 22:56:40,776 DEBUG o.h.t.BasicTypeRegistry [restartedMain] Adding type registration Duration -> org.hibernate.type.DurationType@6d85956
2019-07-27 22:56:40,777 DEBUG o.h.t.BasicTypeRegistry [restartedMain] Adding type registration java.time.Duration -> org.hibernate.type.DurationType@6d85956
2019-07-27 22:56:40,778 DEBUG o.h.t.BasicTypeRegistry [restartedMain] Adding type registration Instant -> org.hibernate.type.InstantType@825b8cf
2019-07-27 22:56:40,778 DEBUG o.h.t.BasicTypeRegistry [restartedMain] Adding type registration java.time.Instant -> org.hibernate.type.InstantType@825b8cf
2019-07-27 22:56:40,780 DEBUG o.h.t.BasicTypeRegistry [restartedMain] Adding type registration LocalDateTime -> org.hibernate.type.LocalDateTimeType@43d85d6c
2019-07-27 22:56:40,780 DEBUG o.h.t.BasicTypeRegistry [restartedMain] Adding type registration java.time.LocalDateTime -> org.hibernate.type.LocalDateTimeType@43d85d6c
2019-07-27 22:56:40,782 DEBUG o.h.t.BasicTypeRegistry [restartedMain] Adding type registration LocalDate -> org.hibernate.type.LocalDateType@e0e2a99
2019-07-27 22:56:40,782 DEBUG o.h.t.BasicTypeRegistry [restartedMain] Adding type registration java.time.LocalDate -> org.hibernate.type.LocalDateType@e0e2a99
2019-07-27 22:56:40,784 DEBUG o.h.t.BasicTypeRegistry [restartedMain] Adding type registration LocalTime -> org.hibernate.type.LocalTimeType@56eddbb9
2019-07-27 22:56:40,784 DEBUG o.h.t.BasicTypeRegistry [restartedMain] Adding type registration java.time.LocalTime -> org.hibernate.type.LocalTimeType@56eddbb9
2019-07-27 22:56:40,786 DEBUG o.h.t.BasicTypeRegistry [restartedMain] Adding type registration OffsetDateTime -> org.hibernate.type.OffsetDateTimeType@381041e3
2019-07-27 22:56:40,786 DEBUG o.h.t.BasicTypeRegistry [restartedMain] Adding type registration java.time.OffsetDateTime -> org.hibernate.type.OffsetDateTimeType@381041e3
2019-07-27 22:56:40,787 DEBUG o.h.t.BasicTypeRegistry [restartedMain] Adding type registration OffsetTime -> org.hibernate.type.OffsetTimeType@b95b721
2019-07-27 22:56:40,787 DEBUG o.h.t.BasicTypeRegistry [restartedMain] Adding type registration java.time.OffsetTime -> org.hibernate.type.OffsetTimeType@b95b721
2019-07-27 22:56:40,789 DEBUG o.h.t.BasicTypeRegistry [restartedMain] Adding type registration ZonedDateTime -> org.hibernate.type.ZonedDateTimeType@2b52d28
2019-07-27 22:56:40,790 DEBUG o.h.t.BasicTypeRegistry [restartedMain] Adding type registration java.time.ZonedDateTime -> org.hibernate.type.ZonedDateTimeType@2b52d28
2019-07-27 22:56:40,792 DEBUG o.h.t.BasicTypeRegistry [restartedMain] Adding type registration date -> org.hibernate.type.DateType@7a499086
2019-07-27 22:56:40,792 DEBUG o.h.t.BasicTypeRegistry [restartedMain] Adding type registration java.sql.Date -> org.hibernate.type.DateType@7a499086
2019-07-27 22:56:40,793 DEBUG o.h.t.BasicTypeRegistry [restartedMain] Adding type registration time -> org.hibernate.type.TimeType@1870d81
2019-07-27 22:56:40,793 DEBUG o.h.t.BasicTypeRegistry [restartedMain] Adding type registration java.sql.Time -> org.hibernate.type.TimeType@1870d81
2019-07-27 22:56:40,795 DEBUG o.h.t.BasicTypeRegistry [restartedMain] Adding type registration timestamp -> org.hibernate.type.TimestampType@38e73028
2019-07-27 22:56:40,795 DEBUG o.h.t.BasicTypeRegistry [restartedMain] Adding type registration java.sql.Timestamp -> org.hibernate.type.TimestampType@38e73028
2019-07-27 22:56:40,795 DEBUG o.h.t.BasicTypeRegistry [restartedMain] Adding type registration java.util.Date -> org.hibernate.type.TimestampType@38e73028
2019-07-27 22:56:40,796 DEBUG o.h.t.BasicTypeRegistry [restartedMain] Adding type registration dbtimestamp -> org.hibernate.type.DbTimestampType@16ae3944
2019-07-27 22:56:40,797 DEBUG o.h.t.BasicTypeRegistry [restartedMain] Adding type registration calendar -> org.hibernate.type.CalendarType@403f4d91
2019-07-27 22:56:40,798 DEBUG o.h.t.BasicTypeRegistry [restartedMain] Adding type registration java.util.Calendar -> org.hibernate.type.CalendarType@403f4d91
2019-07-27 22:56:40,798 DEBUG o.h.t.BasicTypeRegistry [restartedMain] Adding type registration java.util.GregorianCalendar -> org.hibernate.type.CalendarType@403f4d91
2019-07-27 22:56:40,799 DEBUG o.h.t.BasicTypeRegistry [restartedMain] Adding type registration calendar_date -> org.hibernate.type.CalendarDateType@5ce59e9d
2019-07-27 22:56:40,800 DEBUG o.h.t.BasicTypeRegistry [restartedMain] Adding type registration locale -> org.hibernate.type.LocaleType@487a8781
2019-07-27 22:56:40,800 DEBUG o.h.t.BasicTypeRegistry [restartedMain] Adding type registration java.util.Locale -> org.hibernate.type.LocaleType@487a8781
2019-07-27 22:56:40,801 DEBUG o.h.t.BasicTypeRegistry [restartedMain] Adding type registration currency -> org.hibernate.type.CurrencyType@54881d61
2019-07-27 22:56:40,801 DEBUG o.h.t.BasicTypeRegistry [restartedMain] Adding type registration java.util.Currency -> org.hibernate.type.CurrencyType@54881d61
2019-07-27 22:56:40,802 DEBUG o.h.t.BasicTypeRegistry [restartedMain] Adding type registration timezone -> org.hibernate.type.TimeZoneType@5185dd4
2019-07-27 22:56:40,802 DEBUG o.h.t.BasicTypeRegistry [restartedMain] Adding type registration java.util.TimeZone -> org.hibernate.type.TimeZoneType@5185dd4
2019-07-27 22:56:40,803 DEBUG o.h.t.BasicTypeRegistry [restartedMain] Adding type registration class -> org.hibernate.type.ClassType@1ef78b3f
2019-07-27 22:56:40,803 DEBUG o.h.t.BasicTypeRegistry [restartedMain] Adding type registration java.lang.Class -> org.hibernate.type.ClassType@1ef78b3f
2019-07-27 22:56:40,804 DEBUG o.h.t.BasicTypeRegistry [restartedMain] Adding type registration uuid-binary -> org.hibernate.type.UUIDBinaryType@6935ca04
2019-07-27 22:56:40,804 DEBUG o.h.t.BasicTypeRegistry [restartedMain] Adding type registration java.util.UUID -> org.hibernate.type.UUIDBinaryType@6935ca04
2019-07-27 22:56:40,805 DEBUG o.h.t.BasicTypeRegistry [restartedMain] Adding type registration uuid-char -> org.hibernate.type.UUIDCharType@6fd18e3e
2019-07-27 22:56:40,806 DEBUG o.h.t.BasicTypeRegistry [restartedMain] Adding type registration binary -> org.hibernate.type.BinaryType@643f19cf
2019-07-27 22:56:40,806 DEBUG o.h.t.BasicTypeRegistry [restartedMain] Adding type registration byte[] -> org.hibernate.type.BinaryType@643f19cf
2019-07-27 22:56:40,807 DEBUG o.h.t.BasicTypeRegistry [restartedMain] Adding type registration [B -> org.hibernate.type.BinaryType@643f19cf
2019-07-27 22:56:40,807 DEBUG o.h.t.BasicTypeRegistry [restartedMain] Adding type registration wrapper-binary -> org.hibernate.type.WrapperBinaryType@2cf488be
2019-07-27 22:56:40,808 DEBUG o.h.t.BasicTypeRegistry [restartedMain] Adding type registration Byte[] -> org.hibernate.type.WrapperBinaryType@2cf488be
2019-07-27 22:56:40,808 DEBUG o.h.t.BasicTypeRegistry [restartedMain] Adding type registration [Ljava.lang.Byte; -> org.hibernate.type.WrapperBinaryType@2cf488be
2019-07-27 22:56:40,809 DEBUG o.h.t.BasicTypeRegistry [restartedMain] Adding type registration row_version -> org.hibernate.type.RowVersionType@11d491f1
2019-07-27 22:56:40,809 DEBUG o.h.t.BasicTypeRegistry [restartedMain] Adding type registration image -> org.hibernate.type.ImageType@6eb20c05
2019-07-27 22:56:40,810 DEBUG o.h.t.BasicTypeRegistry [restartedMain] Adding type registration characters -> org.hibernate.type.CharArrayType@75067d3b
2019-07-27 22:56:40,810 DEBUG o.h.t.BasicTypeRegistry [restartedMain] Adding type registration char[] -> org.hibernate.type.CharArrayType@75067d3b
2019-07-27 22:56:40,811 DEBUG o.h.t.BasicTypeRegistry [restartedMain] Adding type registration [C -> org.hibernate.type.CharArrayType@75067d3b
2019-07-27 22:56:40,812 DEBUG o.h.t.BasicTypeRegistry [restartedMain] Adding type registration wrapper-characters -> org.hibernate.type.CharacterArrayType@4132a4ab
2019-07-27 22:56:40,812 DEBUG o.h.t.BasicTypeRegistry [restartedMain] Adding type registration [Ljava.lang.Character; -> org.hibernate.type.CharacterArrayType@4132a4ab
2019-07-27 22:56:40,812 DEBUG o.h.t.BasicTypeRegistry [restartedMain] Adding type registration Character[] -> org.hibernate.type.CharacterArrayType@4132a4ab
2019-07-27 22:56:40,813 DEBUG o.h.t.BasicTypeRegistry [restartedMain] Adding type registration text -> org.hibernate.type.TextType@73f70286
2019-07-27 22:56:40,814 DEBUG o.h.t.BasicTypeRegistry [restartedMain] Adding type registration ntext -> org.hibernate.type.NTextType@1d8608d8
2019-07-27 22:56:40,815 DEBUG o.h.t.BasicTypeRegistry [restartedMain] Adding type registration blob -> org.hibernate.type.BlobType@5e624ec5
2019-07-27 22:56:40,816 DEBUG o.h.t.BasicTypeRegistry [restartedMain] Adding type registration java.sql.Blob -> org.hibernate.type.BlobType@5e624ec5
2019-07-27 22:56:40,816 DEBUG o.h.t.BasicTypeRegistry [restartedMain] Adding type registration materialized_blob -> org.hibernate.type.MaterializedBlobType@356b2d2c
2019-07-27 22:56:40,818 DEBUG o.h.t.BasicTypeRegistry [restartedMain] Adding type registration clob -> org.hibernate.type.ClobType@210299b6
2019-07-27 22:56:40,818 DEBUG o.h.t.BasicTypeRegistry [restartedMain] Adding type registration java.sql.Clob -> org.hibernate.type.ClobType@210299b6
2019-07-27 22:56:40,819 DEBUG o.h.t.BasicTypeRegistry [restartedMain] Adding type registration nclob -> org.hibernate.type.NClobType@535ffc53
2019-07-27 22:56:40,819 DEBUG o.h.t.BasicTypeRegistry [restartedMain] Adding type registration java.sql.NClob -> org.hibernate.type.NClobType@535ffc53
2019-07-27 22:56:40,820 DEBUG o.h.t.BasicTypeRegistry [restartedMain] Adding type registration materialized_clob -> org.hibernate.type.MaterializedClobType@4c48adaa
2019-07-27 22:56:40,820 DEBUG o.h.t.BasicTypeRegistry [restartedMain] Adding type registration materialized_nclob -> org.hibernate.type.MaterializedNClobType@35e774cb
2019-07-27 22:56:40,822 DEBUG o.h.t.BasicTypeRegistry [restartedMain] Adding type registration serializable -> org.hibernate.type.SerializableType@20b61247
2019-07-27 22:56:40,824 DEBUG o.h.t.BasicTypeRegistry [restartedMain] Adding type registration object -> org.hibernate.type.ObjectType@4560c13b
2019-07-27 22:56:40,825 DEBUG o.h.t.BasicTypeRegistry [restartedMain] Adding type registration java.lang.Object -> org.hibernate.type.ObjectType@4560c13b
2019-07-27 22:56:40,826 DEBUG o.h.t.BasicTypeRegistry [restartedMain] Adding type registration imm_date -> org.hibernate.type.AdaptedImmutableType@33c8bbe0
2019-07-27 22:56:40,827 DEBUG o.h.t.BasicTypeRegistry [restartedMain] Adding type registration imm_time -> org.hibernate.type.AdaptedImmutableType@24a815e
2019-07-27 22:56:40,827 DEBUG o.h.t.BasicTypeRegistry [restartedMain] Adding type registration imm_timestamp -> org.hibernate.type.AdaptedImmutableType@34943dcd
2019-07-27 22:56:40,828 DEBUG o.h.t.BasicTypeRegistry [restartedMain] Adding type registration imm_dbtimestamp -> org.hibernate.type.AdaptedImmutableType@523e42a4
2019-07-27 22:56:40,828 DEBUG o.h.t.BasicTypeRegistry [restartedMain] Adding type registration imm_calendar -> org.hibernate.type.AdaptedImmutableType@24dfe4b8
2019-07-27 22:56:40,828 DEBUG o.h.t.BasicTypeRegistry [restartedMain] Adding type registration imm_calendar_date -> org.hibernate.type.AdaptedImmutableType@72c9c10c
2019-07-27 22:56:40,829 DEBUG o.h.t.BasicTypeRegistry [restartedMain] Adding type registration imm_binary -> org.hibernate.type.AdaptedImmutableType@67a6f0cd
2019-07-27 22:56:40,829 DEBUG o.h.t.BasicTypeRegistry [restartedMain] Adding type registration imm_serializable -> org.hibernate.type.AdaptedImmutableType@472da5ff
2019-07-27 22:56:40,887 INFO o.h.d.Dialect [restartedMain] HHH000400: Using dialect: org.hibernate.dialect.MySQL57InnoDBDialect
2019-07-27 22:56:40,939 DEBUG o.h.t.s.TypeConfiguration [restartedMain] Scoping TypeConfiguration [org.hibernate.type.spi.TypeConfiguration@19fb524d] to MetadataBuildingContext [org.hibernate.boot.internal.MetadataBuildingContextRootImpl@4a99d3a9]
2019-07-27 22:56:41,238 DEBUG o.h.t.s.TypeConfiguration [restartedMain] Scoping TypeConfiguration [org.hibernate.type.spi.TypeConfiguration@19fb524d] to SessionFactoryImpl [org.hibernate.internal.SessionFactoryImpl@38cccd72]
2019-07-27 22:56:41,661 TRACE o.h.t.s.TypeConfiguration [restartedMain] Handling #sessionFactoryCreated from [org.hibernate.internal.SessionFactoryImpl@38cccd72] for TypeConfiguration
2019-07-27 22:56:41,663 INFO o.s.o.j.AbstractEntityManagerFactoryBean [restartedMain] Initialized JPA EntityManagerFactory for persistence unit 'default'
2019-07-27 22:56:41,718 INFO o.s.b.d.a.OptionalLiveReloadServer [restartedMain] LiveReload server is running on port 35729
2019-07-27 22:56:42,129 INFO o.h.h.i.QueryTranslatorFactoryInitiator [restartedMain] HHH000397: Using ASTQueryTranslatorFactory
2019-07-27 22:56:42,581 WARN o.s.b.a.o.j.JpaBaseConfiguration$JpaWebConfiguration$JpaWebMvcConfiguration [restartedMain] spring.jpa.open-in-view is enabled by default. Therefore, database queries may be performed during view rendering. Explicitly configure spring.jpa.open-in-view to disable this warning
2019-07-27 22:56:42,926 INFO o.s.s.c.ExecutorConfigurationSupport [restartedMain] Initializing ExecutorService 'applicationTaskExecutor'
2019-07-27 22:56:43,224 INFO o.s.s.w.DefaultSecurityFilterChain [restartedMain] Creating filter chain: any request, [org.springframework.security.web.context.request.async.WebAsyncManagerIntegrationFilter@664a2131, org.springframework.security.web.context.SecurityContextPersistenceFilter@38d06180, org.springframework.security.web.header.HeaderWriterFilter@3cdc6ed0, org.springframework.security.web.authentication.logout.LogoutFilter@23187ac2, org.springframework.security.web.authentication.UsernamePasswordAuthenticationFilter@d7e95fc, org.springframework.security.web.savedrequest.RequestCacheAwareFilter@33b4180e, org.springframework.security.web.servletapi.SecurityContextHolderAwareRequestFilter@5c6d61d3, org.springframework.security.web.authentication.AnonymousAuthenticationFilter@fb983f4, org.springframework.security.web.session.SessionManagementFilter@44d3d9f8, org.springframework.security.web.access.ExceptionTranslationFilter@388cdb06, org.springframework.security.web.access.intercept.FilterSecurityInterceptor@6249e500]
2019-07-27 22:56:43,349 INFO s.d.s.w.p.DocumentationPluginsBootstrapper [restartedMain] Context refreshed
2019-07-27 22:56:43,369 INFO s.d.s.w.p.DocumentationPluginsBootstrapper [restartedMain] Found {0} custom documentation plugin(s)
2019-07-27 22:56:43,381 INFO s.d.s.w.s.ApiListingReferenceScanner [restartedMain] Scanning for api listing references
2019-07-27 22:56:43,386 INFO s.d.s.w.ClassOrApiAnnotationResourceGrouping$1 [restartedMain] Group for method addDishForm was dish-controller
2019-07-27 22:56:43,388 INFO s.d.s.w.s.ApiListingReferenceScanner [restartedMain] Request mapping: addDishForm belongs to groups: [[ResourceGroup{groupName='dish-controller', position=0, controller=pl.gregsApp.controllers.DishController}]] 
2019-07-27 22:56:43,390 INFO s.d.s.w.ClassOrApiAnnotationResourceGrouping$1 [restartedMain] Group for method deleteFromDish was dish-controller
2019-07-27 22:56:43,390 INFO s.d.s.w.s.ApiListingReferenceScanner [restartedMain] Request mapping: deleteFromDish belongs to groups: [[ResourceGroup{groupName='dish-controller', position=0, controller=pl.gregsApp.controllers.DishController}]] 
2019-07-27 22:56:43,391 INFO s.d.s.w.ClassOrApiAnnotationResourceGrouping$1 [restartedMain] Group for method showDishList was dish-controller
2019-07-27 22:56:43,391 INFO s.d.s.w.s.ApiListingReferenceScanner [restartedMain] Request mapping: showDishList belongs to groups: [[ResourceGroup{groupName='dish-controller', position=0, controller=pl.gregsApp.controllers.DishController}]] 
2019-07-27 22:56:43,391 INFO s.d.s.w.ClassOrApiAnnotationResourceGrouping$1 [restartedMain] Group for method list was dish-controller
2019-07-27 22:56:43,391 INFO s.d.s.w.s.ApiListingReferenceScanner [restartedMain] Request mapping: list belongs to groups: [[ResourceGroup{groupName='dish-controller', position=0, controller=pl.gregsApp.controllers.DishController}]] 
2019-07-27 22:56:43,392 INFO s.d.s.w.ClassOrApiAnnotationResourceGrouping$1 [restartedMain] Group for method saveForm was dish-controller
2019-07-27 22:56:43,392 INFO s.d.s.w.s.ApiListingReferenceScanner [restartedMain] Request mapping: saveForm belongs to groups: [[ResourceGroup{groupName='dish-controller', position=0, controller=pl.gregsApp.controllers.DishController}]] 
2019-07-27 22:56:43,393 INFO s.d.s.w.ClassOrApiAnnotationResourceGrouping$1 [restartedMain] Group for method addToOrder was order-controller
2019-07-27 22:56:43,393 INFO s.d.s.w.s.ApiListingReferenceScanner [restartedMain] Request mapping: addToOrder belongs to groups: [[ResourceGroup{groupName='order-controller', position=0, controller=pl.gregsApp.controllers.OrderController}]] 
2019-07-27 22:56:43,393 INFO s.d.s.w.ClassOrApiAnnotationResourceGrouping$1 [restartedMain] Group for method addToOrderFriend was order-controller
2019-07-27 22:56:43,393 INFO s.d.s.w.s.ApiListingReferenceScanner [restartedMain] Request mapping: addToOrderFriend belongs to groups: [[ResourceGroup{groupName='order-controller', position=0, controller=pl.gregsApp.controllers.OrderController}]] 
2019-07-27 22:56:43,394 INFO s.d.s.w.ClassOrApiAnnotationResourceGrouping$1 [restartedMain] Group for method deleteOrderPosition was order-controller
2019-07-27 22:56:43,394 INFO s.d.s.w.s.ApiListingReferenceScanner [restartedMain] Request mapping: deleteOrderPosition belongs to groups: [[ResourceGroup{groupName='order-controller', position=0, controller=pl.gregsApp.controllers.OrderController}]] 
2019-07-27 22:56:43,395 INFO s.d.s.w.ClassOrApiAnnotationResourceGrouping$1 [restartedMain] Group for method addFormFriends was order-controller
2019-07-27 22:56:43,395 INFO s.d.s.w.s.ApiListingReferenceScanner [restartedMain] Request mapping: addFormFriends belongs to groups: [[ResourceGroup{groupName='order-controller', position=0, controller=pl.gregsApp.controllers.OrderController}]] 
2019-07-27 22:56:43,395 INFO s.d.s.w.ClassOrApiAnnotationResourceGrouping$1 [restartedMain] Group for method addForm was order-controller
2019-07-27 22:56:43,395 INFO s.d.s.w.s.ApiListingReferenceScanner [restartedMain] Request mapping: addForm belongs to groups: [[ResourceGroup{groupName='order-controller', position=0, controller=pl.gregsApp.controllers.OrderController}]] 
2019-07-27 22:56:43,396 INFO s.d.s.w.ClassOrApiAnnotationResourceGrouping$1 [restartedMain] Group for method readyOrder was order-controller
2019-07-27 22:56:43,396 INFO s.d.s.w.s.ApiListingReferenceScanner [restartedMain] Request mapping: readyOrder belongs to groups: [[ResourceGroup{groupName='order-controller', position=0, controller=pl.gregsApp.controllers.OrderController}]] 
2019-07-27 22:56:43,397 INFO s.d.s.w.ClassOrApiAnnotationResourceGrouping$1 [restartedMain] Group for method showForm was user-controller
2019-07-27 22:56:43,397 INFO s.d.s.w.s.ApiListingReferenceScanner [restartedMain] Request mapping: showForm belongs to groups: [[ResourceGroup{groupName='user-controller', position=0, controller=pl.gregsApp.controllers.UserController}]] 
2019-07-27 22:56:43,397 INFO s.d.s.w.ClassOrApiAnnotationResourceGrouping$1 [restartedMain] Group for method saveForm was user-controller
2019-07-27 22:56:43,397 INFO s.d.s.w.s.ApiListingReferenceScanner [restartedMain] Request mapping: saveForm belongs to groups: [[ResourceGroup{groupName='user-controller', position=0, controller=pl.gregsApp.controllers.UserController}]] 
2019-07-27 22:56:43,401 INFO s.d.s.w.s.ApiListingReferenceScanner [restartedMain] Created resource listing Path: /Server API/order-controller Description: order-controller Position: 0
2019-07-27 22:56:43,402 INFO s.d.s.w.s.ApiListingReferenceScanner [restartedMain] Created resource listing Path: /Server API/dish-controller Description: dish-controller Position: 0
2019-07-27 22:56:43,403 INFO s.d.s.w.s.ApiListingReferenceScanner [restartedMain] Created resource listing Path: /Server API/user-controller Description: user-controller Position: 0
2019-07-27 22:56:43,421 INFO s.d.s.ModelContextKeyGenerator [restartedMain] Cache Key Generated: java.lang.String(true)
2019-07-27 22:56:43,421 INFO s.d.s.w.c.CachingAspect [restartedMain] Caching aspect applied for cache models with key java.lang.String(true)
2019-07-27 22:56:43,429 INFO s.d.s.ModelContextKeyGenerator [restartedMain] Cache Key Generated: java.lang.String(true)
2019-07-27 22:56:43,429 INFO s.d.s.w.c.CachingAspect [restartedMain] Caching aspect applied for cache modelDependencies with key java.lang.String(true)
2019-07-27 22:56:43,437 INFO s.d.s.w.OperationsKeyGenerator [restartedMain] Cache key generated: /api/dish/addForm.pl.gregsApp.controllers.DishController.addDishForm.DefaultGenericTypeNamingStrategy
2019-07-27 22:56:43,437 INFO s.d.s.w.c.CachingAspect [restartedMain] Caching aspect applied for cache operations with key /api/dish/addForm.pl.gregsApp.controllers.DishController.addDishForm.DefaultGenericTypeNamingStrategy
2019-07-27 22:56:43,456 INFO s.d.s.w.ClassOrApiAnnotationResourceGrouping$1 [restartedMain] Group for method addDishForm was dish-controller
2019-07-27 22:56:43,460 INFO s.d.s.w.ClassOrApiAnnotationResourceGrouping$1 [restartedMain] Group for method addDishForm was dish-controller
2019-07-27 22:56:43,468 INFO s.d.s.ModelContextKeyGenerator [restartedMain] Cache Key Generated: java.lang.String(true)
2019-07-27 22:56:43,469 INFO s.d.s.w.c.CachingAspect [restartedMain] Caching aspect applied for cache models with key java.lang.String(true)
2019-07-27 22:56:43,469 INFO s.d.s.ModelContextKeyGenerator [restartedMain] Cache Key Generated: java.lang.String(true)
2019-07-27 22:56:43,470 INFO s.d.s.w.c.CachingAspect [restartedMain] Caching aspect applied for cache modelDependencies with key java.lang.String(true)
2019-07-27 22:56:43,470 INFO s.d.s.w.OperationsKeyGenerator [restartedMain] Cache key generated: /api/dish/delete/{id}.pl.gregsApp.controllers.DishController.deleteFromDish.DefaultGenericTypeNamingStrategy
2019-07-27 22:56:43,470 INFO s.d.s.w.c.CachingAspect [restartedMain] Caching aspect applied for cache operations with key /api/dish/delete/{id}.pl.gregsApp.controllers.DishController.deleteFromDish.DefaultGenericTypeNamingStrategy
2019-07-27 22:56:43,474 INFO s.d.s.w.ClassOrApiAnnotationResourceGrouping$1 [restartedMain] Group for method deleteFromDish was dish-controller
2019-07-27 22:56:43,475 INFO s.d.s.w.ClassOrApiAnnotationResourceGrouping$1 [restartedMain] Group for method deleteFromDish was dish-controller
2019-07-27 22:56:43,477 INFO s.d.s.ModelContextKeyGenerator [restartedMain] Cache Key Generated: java.lang.String(true)
2019-07-27 22:56:43,477 INFO s.d.s.w.c.CachingAspect [restartedMain] Caching aspect applied for cache models with key java.lang.String(true)
2019-07-27 22:56:43,478 INFO s.d.s.ModelContextKeyGenerator [restartedMain] Cache Key Generated: java.lang.String(true)
2019-07-27 22:56:43,478 INFO s.d.s.w.c.CachingAspect [restartedMain] Caching aspect applied for cache modelDependencies with key java.lang.String(true)
2019-07-27 22:56:43,479 INFO s.d.s.w.OperationsKeyGenerator [restartedMain] Cache key generated: /api/dish/list.pl.gregsApp.controllers.DishController.list.DefaultGenericTypeNamingStrategy
2019-07-27 22:56:43,479 INFO s.d.s.w.c.CachingAspect [restartedMain] Caching aspect applied for cache operations with key /api/dish/list.pl.gregsApp.controllers.DishController.list.DefaultGenericTypeNamingStrategy
2019-07-27 22:56:43,482 INFO s.d.s.w.ClassOrApiAnnotationResourceGrouping$1 [restartedMain] Group for method list was dish-controller
2019-07-27 22:56:43,484 INFO s.d.s.w.ClassOrApiAnnotationResourceGrouping$1 [restartedMain] Group for method list was dish-controller
2019-07-27 22:56:43,486 INFO s.d.s.ModelContextKeyGenerator [restartedMain] Cache Key Generated: java.lang.String(true)
2019-07-27 22:56:43,486 INFO s.d.s.w.c.CachingAspect [restartedMain] Caching aspect applied for cache models with key java.lang.String(true)
2019-07-27 22:56:43,486 INFO s.d.s.ModelContextKeyGenerator [restartedMain] Cache Key Generated: java.lang.String(true)
2019-07-27 22:56:43,486 INFO s.d.s.w.c.CachingAspect [restartedMain] Caching aspect applied for cache modelDependencies with key java.lang.String(true)
2019-07-27 22:56:43,487 INFO s.d.s.w.OperationsKeyGenerator [restartedMain] Cache key generated: /api/dish/saveForm.pl.gregsApp.controllers.DishController.saveForm.DefaultGenericTypeNamingStrategy
2019-07-27 22:56:43,487 INFO s.d.s.w.c.CachingAspect [restartedMain] Caching aspect applied for cache operations with key /api/dish/saveForm.pl.gregsApp.controllers.DishController.saveForm.DefaultGenericTypeNamingStrategy
2019-07-27 22:56:43,501 INFO s.d.s.w.ClassOrApiAnnotationResourceGrouping$1 [restartedMain] Group for method saveForm was dish-controller
2019-07-27 22:56:43,502 INFO s.d.s.w.ClassOrApiAnnotationResourceGrouping$1 [restartedMain] Group for method saveForm was dish-controller
2019-07-27 22:56:43,504 INFO s.d.s.ModelContextKeyGenerator [restartedMain] Cache Key Generated: java.lang.String(true)
2019-07-27 22:56:43,504 INFO s.d.s.w.c.CachingAspect [restartedMain] Caching aspect applied for cache models with key java.lang.String(true)
2019-07-27 22:56:43,504 INFO s.d.s.ModelContextKeyGenerator [restartedMain] Cache Key Generated: java.lang.String(true)
2019-07-27 22:56:43,504 INFO s.d.s.w.c.CachingAspect [restartedMain] Caching aspect applied for cache modelDependencies with key java.lang.String(true)
2019-07-27 22:56:43,505 INFO s.d.s.w.OperationsKeyGenerator [restartedMain] Cache key generated: /api/dish/dishList.pl.gregsApp.controllers.DishController.showDishList.DefaultGenericTypeNamingStrategy
2019-07-27 22:56:43,505 INFO s.d.s.w.c.CachingAspect [restartedMain] Caching aspect applied for cache operations with key /api/dish/dishList.pl.gregsApp.controllers.DishController.showDishList.DefaultGenericTypeNamingStrategy
2019-07-27 22:56:43,507 INFO s.d.s.w.ClassOrApiAnnotationResourceGrouping$1 [restartedMain] Group for method showDishList was dish-controller
2019-07-27 22:56:43,509 INFO s.d.s.w.ClassOrApiAnnotationResourceGrouping$1 [restartedMain] Group for method showDishList was dish-controller
2019-07-27 22:56:43,524 INFO s.d.s.ModelContextKeyGenerator [restartedMain] Cache Key Generated: java.lang.String(true)
2019-07-27 22:56:43,524 INFO s.d.s.w.c.CachingAspect [restartedMain] Caching aspect applied for cache models with key java.lang.String(true)
2019-07-27 22:56:43,525 INFO s.d.s.ModelContextKeyGenerator [restartedMain] Cache Key Generated: java.lang.String(true)
2019-07-27 22:56:43,525 INFO s.d.s.w.c.CachingAspect [restartedMain] Caching aspect applied for cache modelDependencies with key java.lang.String(true)
2019-07-27 22:56:43,525 INFO s.d.s.w.OperationsKeyGenerator [restartedMain] Cache key generated: /api/order/form.pl.gregsApp.controllers.OrderController.addForm.DefaultGenericTypeNamingStrategy
2019-07-27 22:56:43,526 INFO s.d.s.w.c.CachingAspect [restartedMain] Caching aspect applied for cache operations with key /api/order/form.pl.gregsApp.controllers.OrderController.addForm.DefaultGenericTypeNamingStrategy
2019-07-27 22:56:43,527 INFO s.d.s.w.ClassOrApiAnnotationResourceGrouping$1 [restartedMain] Group for method addForm was order-controller
2019-07-27 22:56:43,529 INFO s.d.s.w.ClassOrApiAnnotationResourceGrouping$1 [restartedMain] Group for method addForm was order-controller
2019-07-27 22:56:43,531 INFO s.d.s.ModelContextKeyGenerator [restartedMain] Cache Key Generated: java.lang.String(true)
2019-07-27 22:56:43,531 INFO s.d.s.w.c.CachingAspect [restartedMain] Caching aspect applied for cache models with key java.lang.String(true)
2019-07-27 22:56:43,532 INFO s.d.s.ModelContextKeyGenerator [restartedMain] Cache Key Generated: java.lang.String(true)
2019-07-27 22:56:43,532 INFO s.d.s.w.c.CachingAspect [restartedMain] Caching aspect applied for cache modelDependencies with key java.lang.String(true)
2019-07-27 22:56:43,532 INFO s.d.s.w.OperationsKeyGenerator [restartedMain] Cache key generated: /api/order/formFriends.pl.gregsApp.controllers.OrderController.addFormFriends.DefaultGenericTypeNamingStrategy
2019-07-27 22:56:43,533 INFO s.d.s.w.c.CachingAspect [restartedMain] Caching aspect applied for cache operations with key /api/order/formFriends.pl.gregsApp.controllers.OrderController.addFormFriends.DefaultGenericTypeNamingStrategy
2019-07-27 22:56:43,534 INFO s.d.s.w.ClassOrApiAnnotationResourceGrouping$1 [restartedMain] Group for method addFormFriends was order-controller
2019-07-27 22:56:43,535 INFO s.d.s.w.ClassOrApiAnnotationResourceGrouping$1 [restartedMain] Group for method addFormFriends was order-controller
2019-07-27 22:56:43,536 INFO s.d.s.ModelContextKeyGenerator [restartedMain] Cache Key Generated: java.lang.String(true)
2019-07-27 22:56:43,537 INFO s.d.s.w.c.CachingAspect [restartedMain] Caching aspect applied for cache models with key java.lang.String(true)
2019-07-27 22:56:43,537 INFO s.d.s.ModelContextKeyGenerator [restartedMain] Cache Key Generated: java.lang.String(true)
2019-07-27 22:56:43,538 INFO s.d.s.w.c.CachingAspect [restartedMain] Caching aspect applied for cache modelDependencies with key java.lang.String(true)
2019-07-27 22:56:43,538 INFO s.d.s.w.OperationsKeyGenerator [restartedMain] Cache key generated: /api/order/add/{id}.pl.gregsApp.controllers.OrderController.addToOrder.DefaultGenericTypeNamingStrategy
2019-07-27 22:56:43,538 INFO s.d.s.w.c.CachingAspect [restartedMain] Caching aspect applied for cache operations with key /api/order/add/{id}.pl.gregsApp.controllers.OrderController.addToOrder.DefaultGenericTypeNamingStrategy
2019-07-27 22:56:43,540 INFO s.d.s.w.ClassOrApiAnnotationResourceGrouping$1 [restartedMain] Group for method addToOrder was order-controller
2019-07-27 22:56:43,541 INFO s.d.s.w.ClassOrApiAnnotationResourceGrouping$1 [restartedMain] Group for method addToOrder was order-controller
2019-07-27 22:56:43,543 INFO s.d.s.ModelContextKeyGenerator [restartedMain] Cache Key Generated: java.lang.String(true)
2019-07-27 22:56:43,544 INFO s.d.s.w.c.CachingAspect [restartedMain] Caching aspect applied for cache models with key java.lang.String(true)
2019-07-27 22:56:43,544 INFO s.d.s.ModelContextKeyGenerator [restartedMain] Cache Key Generated: java.lang.String(true)
2019-07-27 22:56:43,544 INFO s.d.s.w.c.CachingAspect [restartedMain] Caching aspect applied for cache modelDependencies with key java.lang.String(true)
2019-07-27 22:56:43,545 INFO s.d.s.w.OperationsKeyGenerator [restartedMain] Cache key generated: /api/order/addFriend/{id}.pl.gregsApp.controllers.OrderController.addToOrderFriend.DefaultGenericTypeNamingStrategy
2019-07-27 22:56:43,545 INFO s.d.s.w.c.CachingAspect [restartedMain] Caching aspect applied for cache operations with key /api/order/addFriend/{id}.pl.gregsApp.controllers.OrderController.addToOrderFriend.DefaultGenericTypeNamingStrategy
2019-07-27 22:56:43,547 INFO s.d.s.w.ClassOrApiAnnotationResourceGrouping$1 [restartedMain] Group for method addToOrderFriend was order-controller
2019-07-27 22:56:43,548 INFO s.d.s.w.ClassOrApiAnnotationResourceGrouping$1 [restartedMain] Group for method addToOrderFriend was order-controller
2019-07-27 22:56:43,550 INFO s.d.s.ModelContextKeyGenerator [restartedMain] Cache Key Generated: java.lang.String(true)
2019-07-27 22:56:43,551 INFO s.d.s.w.c.CachingAspect [restartedMain] Caching aspect applied for cache models with key java.lang.String(true)
2019-07-27 22:56:43,551 INFO s.d.s.ModelContextKeyGenerator [restartedMain] Cache Key Generated: java.lang.String(true)
2019-07-27 22:56:43,552 INFO s.d.s.w.c.CachingAspect [restartedMain] Caching aspect applied for cache modelDependencies with key java.lang.String(true)
2019-07-27 22:56:43,552 INFO s.d.s.w.OperationsKeyGenerator [restartedMain] Cache key generated: /api/order/delete/{id}.pl.gregsApp.controllers.OrderController.deleteOrderPosition.DefaultGenericTypeNamingStrategy
2019-07-27 22:56:43,552 INFO s.d.s.w.c.CachingAspect [restartedMain] Caching aspect applied for cache operations with key /api/order/delete/{id}.pl.gregsApp.controllers.OrderController.deleteOrderPosition.DefaultGenericTypeNamingStrategy
2019-07-27 22:56:43,553 INFO s.d.s.w.ClassOrApiAnnotationResourceGrouping$1 [restartedMain] Group for method deleteOrderPosition was order-controller
2019-07-27 22:56:43,554 INFO s.d.s.w.ClassOrApiAnnotationResourceGrouping$1 [restartedMain] Group for method deleteOrderPosition was order-controller
2019-07-27 22:56:43,556 INFO s.d.s.ModelContextKeyGenerator [restartedMain] Cache Key Generated: java.lang.String(true)
2019-07-27 22:56:43,557 INFO s.d.s.w.c.CachingAspect [restartedMain] Caching aspect applied for cache models with key java.lang.String(true)
2019-07-27 22:56:43,557 INFO s.d.s.ModelContextKeyGenerator [restartedMain] Cache Key Generated: java.lang.String(true)
2019-07-27 22:56:43,557 INFO s.d.s.w.c.CachingAspect [restartedMain] Caching aspect applied for cache modelDependencies with key java.lang.String(true)
2019-07-27 22:56:43,557 INFO s.d.s.w.OperationsKeyGenerator [restartedMain] Cache key generated: /api/order/orderReady.pl.gregsApp.controllers.OrderController.readyOrder.DefaultGenericTypeNamingStrategy
2019-07-27 22:56:43,558 INFO s.d.s.w.c.CachingAspect [restartedMain] Caching aspect applied for cache operations with key /api/order/orderReady.pl.gregsApp.controllers.OrderController.readyOrder.DefaultGenericTypeNamingStrategy
2019-07-27 22:56:43,559 INFO s.d.s.w.ClassOrApiAnnotationResourceGrouping$1 [restartedMain] Group for method readyOrder was order-controller
2019-07-27 22:56:43,560 INFO s.d.s.w.ClassOrApiAnnotationResourceGrouping$1 [restartedMain] Group for method readyOrder was order-controller
2019-07-27 22:56:43,563 INFO s.d.s.ModelContextKeyGenerator [restartedMain] Cache Key Generated: java.lang.String(true)
2019-07-27 22:56:43,564 INFO s.d.s.w.c.CachingAspect [restartedMain] Caching aspect applied for cache models with key java.lang.String(true)
2019-07-27 22:56:43,564 INFO s.d.s.ModelContextKeyGenerator [restartedMain] Cache Key Generated: java.lang.String(true)
2019-07-27 22:56:43,564 INFO s.d.s.w.c.CachingAspect [restartedMain] Caching aspect applied for cache modelDependencies with key java.lang.String(true)
2019-07-27 22:56:43,564 INFO s.d.s.w.OperationsKeyGenerator [restartedMain] Cache key generated: /api/user/saveInDataBase.pl.gregsApp.controllers.UserController.saveForm.DefaultGenericTypeNamingStrategy
2019-07-27 22:56:43,565 INFO s.d.s.w.c.CachingAspect [restartedMain] Caching aspect applied for cache operations with key /api/user/saveInDataBase.pl.gregsApp.controllers.UserController.saveForm.DefaultGenericTypeNamingStrategy
2019-07-27 22:56:43,568 INFO s.d.s.w.ClassOrApiAnnotationResourceGrouping$1 [restartedMain] Group for method saveForm was user-controller
2019-07-27 22:56:43,570 INFO s.d.s.w.ClassOrApiAnnotationResourceGrouping$1 [restartedMain] Group for method saveForm was user-controller
2019-07-27 22:56:43,570 INFO s.d.s.w.r.o.CachingOperationNameGenerator [restartedMain] Generating unique operation named: saveFormUsingPOST_1
2019-07-27 22:56:43,571 INFO s.d.s.ModelContextKeyGenerator [restartedMain] Cache Key Generated: java.lang.String(true)
2019-07-27 22:56:43,572 INFO s.d.s.w.c.CachingAspect [restartedMain] Caching aspect applied for cache models with key java.lang.String(true)
2019-07-27 22:56:43,572 INFO s.d.s.ModelContextKeyGenerator [restartedMain] Cache Key Generated: java.lang.String(true)
2019-07-27 22:56:43,572 INFO s.d.s.w.c.CachingAspect [restartedMain] Caching aspect applied for cache modelDependencies with key java.lang.String(true)
2019-07-27 22:56:43,573 INFO s.d.s.w.OperationsKeyGenerator [restartedMain] Cache key generated: /api/user/addForm.pl.gregsApp.controllers.UserController.showForm.DefaultGenericTypeNamingStrategy
2019-07-27 22:56:43,573 INFO s.d.s.w.c.CachingAspect [restartedMain] Caching aspect applied for cache operations with key /api/user/addForm.pl.gregsApp.controllers.UserController.showForm.DefaultGenericTypeNamingStrategy
2019-07-27 22:56:43,574 INFO s.d.s.w.ClassOrApiAnnotationResourceGrouping$1 [restartedMain] Group for method showForm was user-controller
2019-07-27 22:56:43,575 INFO s.d.s.w.ClassOrApiAnnotationResourceGrouping$1 [restartedMain] Group for method showForm was user-controller
2019-07-27 22:56:43,587 INFO o.a.j.l.DirectJDKLog [restartedMain] Starting ProtocolHandler ["http-nio-8080"]
2019-07-27 22:56:43,612 INFO o.s.b.w.e.t.TomcatWebServer [restartedMain] Tomcat started on port(s): 8080 (http) with context path ''
2019-07-27 22:56:43,616 INFO o.s.b.StartupInfoLogger [restartedMain] Started Application in 7.233 seconds (JVM running for 8.398)
2019-07-27 22:56:47,145 INFO o.a.j.l.DirectJDKLog [http-nio-8080-exec-1] Initializing Spring DispatcherServlet 'dispatcherServlet'
2019-07-27 22:56:47,146 INFO o.s.w.s.FrameworkServlet [http-nio-8080-exec-1] Initializing Servlet 'dispatcherServlet'
2019-07-27 22:56:47,160 INFO o.s.w.s.FrameworkServlet [http-nio-8080-exec-1] Completed initialization in 14 ms
2019-07-27 22:56:47,233 DEBUG o.h.e.j.s.SqlStatementLogger [http-nio-8080-exec-1] select dish0_.id as id1_2_, dish0_.calories as calories2_2_, dish0_.category_id as category6_2_, dish0_.description as descript3_2_, dish0_.name_of_dish as name_of_4_2_, dish0_.order_id as order_id7_2_, dish0_.price as price5_2_ from dishes dish0_
2019-07-27 22:56:47,250 TRACE o.h.t.d.s.BasicExtractor [http-nio-8080-exec-1] extracted value ([id1_2_] : [BIGINT]) - [6]
2019-07-27 22:56:47,257 TRACE o.h.t.d.s.BasicExtractor [http-nio-8080-exec-1] extracted value ([calories2_2_] : [DOUBLE]) - [12.11]
2019-07-27 22:56:47,257 TRACE o.h.t.d.s.BasicExtractor [http-nio-8080-exec-1] extracted value ([category6_2_] : [BIGINT]) - [1]
2019-07-27 22:56:47,257 TRACE o.h.t.d.s.BasicExtractor [http-nio-8080-exec-1] extracted value ([descript3_2_] : [VARCHAR]) - [Świeżo mielony imbir w połączeniu z curry daje ogień]
2019-07-27 22:56:47,258 TRACE o.h.t.d.s.BasicExtractor [http-nio-8080-exec-1] extracted value ([name_of_4_2_] : [VARCHAR]) - [Curry z kurczakiem]
2019-07-27 22:56:47,258 TRACE o.h.t.d.s.BasicExtractor [http-nio-8080-exec-1] extracted value ([order_id7_2_] : [BIGINT]) - [null]
2019-07-27 22:56:47,258 TRACE o.h.t.d.s.BasicExtractor [http-nio-8080-exec-1] extracted value ([price5_2_] : [DOUBLE]) - [123.11]
2019-07-27 22:56:47,259 TRACE o.h.t.d.s.BasicExtractor [http-nio-8080-exec-1] extracted value ([id1_2_] : [BIGINT]) - [7]
2019-07-27 22:56:47,260 TRACE o.h.t.d.s.BasicExtractor [http-nio-8080-exec-1] extracted value ([calories2_2_] : [DOUBLE]) - [123.0]
2019-07-27 22:56:47,260 TRACE o.h.t.d.s.BasicExtractor [http-nio-8080-exec-1] extracted value ([category6_2_] : [BIGINT]) - [1]
2019-07-27 22:56:47,260 TRACE o.h.t.d.s.BasicExtractor [http-nio-8080-exec-1] extracted value ([descript3_2_] : [VARCHAR]) - [Domowa kakaowa granola z ]
2019-07-27 22:56:47,260 TRACE o.h.t.d.s.BasicExtractor [http-nio-8080-exec-1] extracted value ([name_of_4_2_] : [VARCHAR]) - [Kakaowa granola z żurawiną]
2019-07-27 22:56:47,260 TRACE o.h.t.d.s.BasicExtractor [http-nio-8080-exec-1] extracted value ([order_id7_2_] : [BIGINT]) - [null]
2019-07-27 22:56:47,260 TRACE o.h.t.d.s.BasicExtractor [http-nio-8080-exec-1] extracted value ([price5_2_] : [DOUBLE]) - [123.0]
2019-07-27 22:56:47,261 TRACE o.h.t.d.s.BasicExtractor [http-nio-8080-exec-1] extracted value ([id1_2_] : [BIGINT]) - [8]
2019-07-27 22:56:47,261 TRACE o.h.t.d.s.BasicExtractor [http-nio-8080-exec-1] extracted value ([calories2_2_] : [DOUBLE]) - [123.0]
2019-07-27 22:56:47,261 TRACE o.h.t.d.s.BasicExtractor [http-nio-8080-exec-1] extracted value ([category6_2_] : [BIGINT]) - [1]
2019-07-27 22:56:47,261 TRACE o.h.t.d.s.BasicExtractor [http-nio-8080-exec-1] extracted value ([descript3_2_] : [VARCHAR]) - [Przepyszne gofryyy!]
2019-07-27 22:56:47,261 TRACE o.h.t.d.s.BasicExtractor [http-nio-8080-exec-1] extracted value ([name_of_4_2_] : [VARCHAR]) - [Gofry kakaowe]
2019-07-27 22:56:47,262 TRACE o.h.t.d.s.BasicExtractor [http-nio-8080-exec-1] extracted value ([order_id7_2_] : [BIGINT]) - [null]
2019-07-27 22:56:47,262 TRACE o.h.t.d.s.BasicExtractor [http-nio-8080-exec-1] extracted value ([price5_2_] : [DOUBLE]) - [321.11]
2019-07-27 22:56:47,262 TRACE o.h.t.d.s.BasicExtractor [http-nio-8080-exec-1] extracted value ([id1_2_] : [BIGINT]) - [9]
2019-07-27 22:56:47,262 TRACE o.h.t.d.s.BasicExtractor [http-nio-8080-exec-1] extracted value ([calories2_2_] : [DOUBLE]) - [1000.12]
2019-07-27 22:56:47,262 TRACE o.h.t.d.s.BasicExtractor [http-nio-8080-exec-1] extracted value ([category6_2_] : [BIGINT]) - [1]
2019-07-27 22:56:47,262 TRACE o.h.t.d.s.BasicExtractor [http-nio-8080-exec-1] extracted value ([descript3_2_] : [VARCHAR]) - [Dużo by mówić]
2019-07-27 22:56:47,263 TRACE o.h.t.d.s.BasicExtractor [http-nio-8080-exec-1] extracted value ([name_of_4_2_] : [VARCHAR]) - [Miodoowo-musztardowe udka z kurczaka z curry i ketchupem]
2019-07-27 22:56:47,263 TRACE o.h.t.d.s.BasicExtractor [http-nio-8080-exec-1] extracted value ([order_id7_2_] : [BIGINT]) - [null]
2019-07-27 22:56:47,263 TRACE o.h.t.d.s.BasicExtractor [http-nio-8080-exec-1] extracted value ([price5_2_] : [DOUBLE]) - [99.99]
2019-07-27 22:56:47,263 TRACE o.h.t.d.s.BasicExtractor [http-nio-8080-exec-1] extracted value ([id1_2_] : [BIGINT]) - [10]
2019-07-27 22:56:47,263 TRACE o.h.t.d.s.BasicExtractor [http-nio-8080-exec-1] extracted value ([calories2_2_] : [DOUBLE]) - [900.0]
2019-07-27 22:56:47,263 TRACE o.h.t.d.s.BasicExtractor [http-nio-8080-exec-1] extracted value ([category6_2_] : [BIGINT]) - [1]
2019-07-27 22:56:47,264 TRACE o.h.t.d.s.BasicExtractor [http-nio-8080-exec-1] extracted value ([descript3_2_] : [VARCHAR]) - [da sie! tak!]
2019-07-27 22:56:47,264 TRACE o.h.t.d.s.BasicExtractor [http-nio-8080-exec-1] extracted value ([name_of_4_2_] : [VARCHAR]) - [Letni sernik bez pieczenia]
2019-07-27 22:56:47,264 TRACE o.h.t.d.s.BasicExtractor [http-nio-8080-exec-1] extracted value ([order_id7_2_] : [BIGINT]) - [null]
2019-07-27 22:56:47,264 TRACE o.h.t.d.s.BasicExtractor [http-nio-8080-exec-1] extracted value ([price5_2_] : [DOUBLE]) - [29.99]
2019-07-27 22:56:47,264 TRACE o.h.t.d.s.BasicExtractor [http-nio-8080-exec-1] extracted value ([id1_2_] : [BIGINT]) - [12]
2019-07-27 22:56:47,264 TRACE o.h.t.d.s.BasicExtractor [http-nio-8080-exec-1] extracted value ([calories2_2_] : [DOUBLE]) - [10.0]
2019-07-27 22:56:47,265 TRACE o.h.t.d.s.BasicExtractor [http-nio-8080-exec-1] extracted value ([category6_2_] : [BIGINT]) - [1]
2019-07-27 22:56:47,265 TRACE o.h.t.d.s.BasicExtractor [http-nio-8080-exec-1] extracted value ([descript3_2_] : [VARCHAR]) - [Dobre kanapeczki]
2019-07-27 22:56:47,265 TRACE o.h.t.d.s.BasicExtractor [http-nio-8080-exec-1] extracted value ([name_of_4_2_] : [VARCHAR]) - [Kalmary z Gdańska]
2019-07-27 22:56:47,265 TRACE o.h.t.d.s.BasicExtractor [http-nio-8080-exec-1] extracted value ([order_id7_2_] : [BIGINT]) - [null]
2019-07-27 22:56:47,265 TRACE o.h.t.d.s.BasicExtractor [http-nio-8080-exec-1] extracted value ([price5_2_] : [DOUBLE]) - [12.01]
2019-07-27 22:56:47,268 DEBUG o.h.e.j.s.SqlStatementLogger [http-nio-8080-exec-1] select category0_.id as id1_1_0_, category0_.name as name2_1_0_, category0_.type as type3_1_0_ from categories category0_ where category0_.id=?
2019-07-27 22:56:47,270 TRACE o.h.t.d.s.BasicBinder [http-nio-8080-exec-1] binding parameter [1] as [BIGINT] - [1]
2019-07-27 22:56:47,274 TRACE o.h.t.d.s.BasicExtractor [http-nio-8080-exec-1] extracted value ([name2_1_0_] : [VARCHAR]) - [Burger]
2019-07-27 22:56:47,275 TRACE o.h.t.d.s.BasicExtractor [http-nio-8080-exec-1] extracted value ([type3_1_0_] : [VARCHAR]) - [FastFood]
2019-07-27 22:56:47,478 DEBUG o.h.e.j.s.SqlStatementLogger [http-nio-8080-exec-1] select category0_.id as id1_1_, category0_.name as name2_1_, category0_.type as type3_1_ from categories category0_
2019-07-27 22:56:47,479 TRACE o.h.t.d.s.BasicExtractor [http-nio-8080-exec-1] extracted value ([id1_1_] : [BIGINT]) - [1]
2019-07-27 22:56:47,480 TRACE o.h.t.d.s.BasicExtractor [http-nio-8080-exec-1] extracted value ([id1_1_] : [BIGINT]) - [2]
2019-07-27 22:56:47,480 TRACE o.h.t.d.s.BasicExtractor [http-nio-8080-exec-1] extracted value ([name2_1_] : [VARCHAR]) - [Vege]
2019-07-27 22:56:47,480 TRACE o.h.t.d.s.BasicExtractor [http-nio-8080-exec-1] extracted value ([type3_1_] : [VARCHAR]) - [VegeFood]
2019-07-27 22:56:47,480 TRACE o.h.t.d.s.BasicExtractor [http-nio-8080-exec-1] extracted value ([id1_1_] : [BIGINT]) - [3]
2019-07-27 22:56:47,480 TRACE o.h.t.d.s.BasicExtractor [http-nio-8080-exec-1] extracted value ([name2_1_] : [VARCHAR]) - [Domowe]
2019-07-27 22:56:47,481 TRACE o.h.t.d.s.BasicExtractor [http-nio-8080-exec-1] extracted value ([type3_1_] : [VARCHAR]) - [Domowe]
2019-07-27 22:56:47,486 DEBUG o.h.e.j.s.SqlStatementLogger [http-nio-8080-exec-1] select dish0_.id as id1_2_, dish0_.calories as calories2_2_, dish0_.category_id as category6_2_, dish0_.description as descript3_2_, dish0_.name_of_dish as name_of_4_2_, dish0_.order_id as order_id7_2_, dish0_.price as price5_2_ from dishes dish0_
2019-07-27 22:56:47,487 TRACE o.h.t.d.s.BasicExtractor [http-nio-8080-exec-1] extracted value ([id1_2_] : [BIGINT]) - [6]
2019-07-27 22:56:47,488 TRACE o.h.t.d.s.BasicExtractor [http-nio-8080-exec-1] extracted value ([id1_2_] : [BIGINT]) - [7]
2019-07-27 22:56:47,488 TRACE o.h.t.d.s.BasicExtractor [http-nio-8080-exec-1] extracted value ([id1_2_] : [BIGINT]) - [8]
2019-07-27 22:56:47,489 TRACE o.h.t.d.s.BasicExtractor [http-nio-8080-exec-1] extracted value ([id1_2_] : [BIGINT]) - [9]
2019-07-27 22:56:47,490 TRACE o.h.t.d.s.BasicExtractor [http-nio-8080-exec-1] extracted value ([id1_2_] : [BIGINT]) - [10]
2019-07-27 22:56:47,490 TRACE o.h.t.d.s.BasicExtractor [http-nio-8080-exec-1] extracted value ([id1_2_] : [BIGINT]) - [12]
2019-07-27 22:57:29,632 INFO o.s.s.c.ExecutorConfigurationSupport [Thread-8] Shutting down ExecutorService 'applicationTaskExecutor'
2019-07-27 22:57:29,641 INFO o.s.o.j.AbstractEntityManagerFactoryBean [Thread-8] Closing JPA EntityManagerFactory for persistence unit 'default'
2019-07-27 22:57:29,642 TRACE o.h.t.s.TypeConfiguration [Thread-8] Handling #sessionFactoryClosed from [org.hibernate.internal.SessionFactoryImpl@38cccd72] for TypeConfiguration
2019-07-27 22:57:29,643 DEBUG o.h.t.s.TypeConfiguration$Scope [Thread-8] Un-scoping TypeConfiguration [org.hibernate.type.spi.TypeConfiguration$Scope@4c36696d] from SessionFactory [org.hibernate.internal.SessionFactoryImpl@38cccd72]
2019-07-27 22:57:29,652 INFO c.z.h.HikariDataSource [Thread-8] HikariPool-1 - Shutdown initiated...
2019-07-27 22:57:29,668 INFO c.z.h.HikariDataSource [Thread-8] HikariPool-1 - Shutdown completed.
